
Showing logs for build [32mcb-kubecd-environment-pr-204-9-lf5nk-1[0m stage [32mfrom-build-pack[0m and container [32mstep-credential-initializer-5r9fp[0m
{"level":"info","ts":1587106060.5608258,"logger":"fallback-logger","caller":"logging/config.go:69","msg":"Fetch GitHub commit ID from kodata failed: open /var/run/ko/refs/heads/0.8.0-ns-support: no such file or directory"}
{"level":"info","ts":1587106060.5654325,"logger":"fallback-logger","caller":"creds-init/main.go:40","msg":"Credentials initialized."}

Showing logs for build [32mcb-kubecd-environment-pr-204-9-lf5nk-1[0m stage [32mfrom-build-pack[0m and container [32mstep-working-dir-initializer-5k6tx[0m
{"level":"info","ts":1587106061.2216473,"logger":"fallback-logger","caller":"logging/config.go:69","msg":"Fetch GitHub commit ID from kodata failed: open /var/run/ko/HEAD: no such file or directory"}
{"level":"info","ts":1587106061.2253268,"logger":"fallback-logger","caller":"bash/main.go:64","msg":"Successfully executed command \"sh -c mkdir -p /workspace/source\"; output "}

Showing logs for build [32mcb-kubecd-environment-pr-204-9-lf5nk-1[0m stage [32mfrom-build-pack[0m and container [32mstep-place-tools[0m

Showing logs for build [32mcb-kubecd-environment-pr-204-9-lf5nk-1[0m stage [32mfrom-build-pack[0m and container [32mstep-git-source-cb-kubecd-environment-pr-204-9-lf5nk-74drg[0m
{"level":"info","ts":1587106065.3024957,"logger":"fallback-logger","caller":"logging/config.go:69","msg":"Fetch GitHub commit ID from kodata failed: open /var/run/ko/refs/heads/0.8.0-ns-support: no such file or directory"}
{"level":"info","ts":1587106066.3768246,"logger":"fallback-logger","caller":"git/git.go:103","msg":"Successfully cloned https://github.com/cb-kubecd/environment-pr-204-9-boot-gke-staging.git @ master in path /workspace/source"}

Showing logs for build [32mcb-kubecd-environment-pr-204-9-lf5nk-1[0m stage [32mfrom-build-pack[0m and container [32mstep-git-merge[0m
Using SHAs from PULL_REFS=master:92fb0392300d51de6ca03329e0a78b622af8d357,2:bfd70053ede033461864fe5dc7d4d75bda88a5f2
DEBUG: LC_ALL=C JX_LOG_LEVEL=error git fetch origin --unshallow bfd70053ede033461864fe5dc7d4d75bda88a5f2: 92fb0392300d51de6ca03329e0a78b622af8d357:
DEBUG: ran git fetch --unshallow origin bfd70053ede033461864fe5dc7d4d75bda88a5f2: 92fb0392300d51de6ca03329e0a78b622af8d357: in 
DEBUG: JX_LOG_LEVEL=error LC_ALL=C git branch
DEBUG: LC_ALL=C JX_LOG_LEVEL=error git checkout master
DEBUG: ran git checkout master in 
DEBUG: LC_ALL=C JX_LOG_LEVEL=error git reset --hard 92fb0392300d51de6ca03329e0a78b622af8d357
DEBUG: ran git reset --hard 92fb0392300d51de6ca03329e0a78b622af8d357 in 
DEBUG: LC_ALL=C JX_LOG_LEVEL=error git clean -fd .
DEBUG: ran clean --force -d . in 
DEBUG: LC_ALL=C JX_LOG_LEVEL=error git merge bfd70053ede033461864fe5dc7d4d75bda88a5f2
DEBUG: ran git merge bfd70053ede033461864fe5dc7d4d75bda88a5f2 in 
DEBUG: LC_ALL=C JX_LOG_LEVEL=error git log --format=%H%x1f%an%x1f%ae%x1f%cn%x1f%ce%x1f%s%n%b%x1e 92fb0392300d51de6ca03329e0a78b622af8d357..HEAD
Merged SHA bfd70053ede033461864fe5dc7d4d75bda88a5f2 with commit message 'chore: Promote bdd-nh-1587105765 to version 0.0.1' into base branch master

Showing logs for build [32mcb-kubecd-environment-pr-204-9-lf5nk-1[0m stage [32mfrom-build-pack[0m and container [32mstep-build-helm-build[0m
WARNING: No $CHART_REPOSITORY defined so using the default value of: http://jenkins-x-chartmuseum:8080
Adding missing Helm repo: storage.googleapis.com https://storage.googleapis.com/chartmuseum.jenkins-x.io
WARNING: No secrets found on "helm/repos" due: reading the secret "helm/repos" from vault: no secret "helm/repos" not found in vault
Read credentials for https://storage.googleapis.com/chartmuseum.jenkins-x.io from vault helm/repos
Successfully added Helm repository storage.googleapis.com.
Adding missing Helm repo: jenkins-x-chartmuseum http://jenkins-x-chartmuseum:8080
WARNING: No secrets found on "helm/repos" due: reading the secret "helm/repos" from vault: no secret "helm/repos" not found in vault
Read credentials for http://jenkins-x-chartmuseum:8080 from vault helm/repos
Successfully added Helm repository jenkins-x-chartmuseum.
WARNING: No $CHART_REPOSITORY defined so using the default value of: http://jenkins-x-chartmuseum:8080
Adding missing Helm repo: chartmuseum.jenkins-x.io http://chartmuseum.jenkins-x.io
WARNING: No secrets found on "helm/repos" due: reading the secret "helm/repos" from vault: no secret "helm/repos" not found in vault
Read credentials for http://chartmuseum.jenkins-x.io from vault helm/repos
Successfully added Helm repository chartmuseum.jenkins-x.io.
