
Showing logs for build [32mcb-kubecd-environment-pr-204-9-c97t2-1[0m stage [32mfrom-build-pack[0m and container [32mstep-credential-initializer-4scqq[0m
{"level":"info","ts":1587107304.8406434,"logger":"fallback-logger","caller":"logging/config.go:69","msg":"Fetch GitHub commit ID from kodata failed: open /var/run/ko/refs/heads/0.8.0-ns-support: no such file or directory"}
{"level":"info","ts":1587107304.8414218,"logger":"fallback-logger","caller":"creds-init/main.go:40","msg":"Credentials initialized."}

Showing logs for build [32mcb-kubecd-environment-pr-204-9-c97t2-1[0m stage [32mfrom-build-pack[0m and container [32mstep-working-dir-initializer-kzd6w[0m
{"level":"info","ts":1587107306.0137346,"logger":"fallback-logger","caller":"logging/config.go:69","msg":"Fetch GitHub commit ID from kodata failed: open /var/run/ko/HEAD: no such file or directory"}
{"level":"info","ts":1587107306.0168853,"logger":"fallback-logger","caller":"bash/main.go:64","msg":"Successfully executed command \"sh -c mkdir -p /workspace/source\"; output "}

Showing logs for build [32mcb-kubecd-environment-pr-204-9-c97t2-1[0m stage [32mfrom-build-pack[0m and container [32mstep-place-tools[0m

Showing logs for build [32mcb-kubecd-environment-pr-204-9-c97t2-1[0m stage [32mfrom-build-pack[0m and container [32mstep-git-source-cb-kubecd-environment-pr-204-9-c97t2-h8mvj[0m
{"level":"info","ts":1587107312.2460318,"logger":"fallback-logger","caller":"logging/config.go:69","msg":"Fetch GitHub commit ID from kodata failed: open /var/run/ko/refs/heads/0.8.0-ns-support: no such file or directory"}
{"level":"info","ts":1587107313.3117113,"logger":"fallback-logger","caller":"git/git.go:103","msg":"Successfully cloned https://github.com/cb-kubecd/environment-pr-204-9-boot-gke-staging.git @ master in path /workspace/source"}

Showing logs for build [32mcb-kubecd-environment-pr-204-9-c97t2-1[0m stage [32mfrom-build-pack[0m and container [32mstep-git-merge[0m
Using SHAs from PULL_REFS=master:5962b9248680b2fbec72c7f177984d93be00a42e,4:0eb587684992d46b816f2ab1af94cc8c82c6968e
DEBUG: LC_ALL=C JX_LOG_LEVEL=error git fetch origin --unshallow 0eb587684992d46b816f2ab1af94cc8c82c6968e: 5962b9248680b2fbec72c7f177984d93be00a42e:
DEBUG: ran git fetch --unshallow origin 0eb587684992d46b816f2ab1af94cc8c82c6968e: 5962b9248680b2fbec72c7f177984d93be00a42e: in 
DEBUG: JX_LOG_LEVEL=error LC_ALL=C git branch
DEBUG: LC_ALL=C JX_LOG_LEVEL=error git checkout master
DEBUG: ran git checkout master in 
DEBUG: LC_ALL=C JX_LOG_LEVEL=error git reset --hard 5962b9248680b2fbec72c7f177984d93be00a42e
DEBUG: ran git reset --hard 5962b9248680b2fbec72c7f177984d93be00a42e in 
DEBUG: LC_ALL=C JX_LOG_LEVEL=error git clean -fd .
DEBUG: ran clean --force -d . in 
DEBUG: LC_ALL=C JX_LOG_LEVEL=error git merge 0eb587684992d46b816f2ab1af94cc8c82c6968e
DEBUG: ran git merge 0eb587684992d46b816f2ab1af94cc8c82c6968e in 
DEBUG: LC_ALL=C JX_LOG_LEVEL=error git log --format=%H%x1f%an%x1f%ae%x1f%cn%x1f%ce%x1f%s%n%b%x1e 5962b9248680b2fbec72c7f177984d93be00a42e..HEAD
Merged SHA 0eb587684992d46b816f2ab1af94cc8c82c6968e with commit message 'chore: Promote bdd-sbhg-1587105765 to version 0.0.1' into base branch master

Showing logs for build [32mcb-kubecd-environment-pr-204-9-c97t2-1[0m stage [32mfrom-build-pack[0m and container [32mstep-build-helm-build[0m
WARNING: No $CHART_REPOSITORY defined so using the default value of: http://jenkins-x-chartmuseum:8080
Adding missing Helm repo: storage.googleapis.com https://storage.googleapis.com/chartmuseum.jenkins-x.io
WARNING: No secrets found on "helm/repos" due: reading the secret "helm/repos" from vault: no secret "helm/repos" not found in vault
Read credentials for https://storage.googleapis.com/chartmuseum.jenkins-x.io from vault helm/repos
Successfully added Helm repository storage.googleapis.com.
Adding missing Helm repo: jenkins-x-chartmuseum http://jenkins-x-chartmuseum:8080
WARNING: No secrets found on "helm/repos" due: reading the secret "helm/repos" from vault: no secret "helm/repos" not found in vault
Read credentials for http://jenkins-x-chartmuseum:8080 from vault helm/repos
Successfully added Helm repository jenkins-x-chartmuseum.
WARNING: No $CHART_REPOSITORY defined so using the default value of: http://jenkins-x-chartmuseum:8080
Adding missing Helm repo: chartmuseum.jenkins-x.io http://chartmuseum.jenkins-x.io
WARNING: No secrets found on "helm/repos" due: reading the secret "helm/repos" from vault: no secret "helm/repos" not found in vault
Read credentials for http://chartmuseum.jenkins-x.io from vault helm/repos
Successfully added Helm repository chartmuseum.jenkins-x.io.
